[2017-06-06 18-13-08] destroy  @  http://local-minph.com/login 
[2017-06-06 18-13-08] destroy  @  http://local-minph.com/login?_tracy_bar=content.f613fc30a2&XDEBUG_SESSION_STOP=1 
[2017-06-06 18-13-10] destroy  @  http://local-minph.com/login 
[2017-06-06 18-13-10] destroy  @  http://local-minph.com/ 
[2017-06-06 18-13-10] destroy  @  http://local-minph.com/?_tracy_bar=content.09714af043&XDEBUG_SESSION_STOP=1 
[2017-06-06 18-13-21] destroy  @  http://local-minph.com/ 
[2017-06-06 18-13-21] destroy  @  http://local-minph.com/?_tracy_bar=content.ad90060f66&XDEBUG_SESSION_STOP=1 
[2017-06-06 18-13-23] destroy  @  http://local-minph.com/login 
[2017-06-06 18-13-23] destroy  @  http://local-minph.com/login?_tracy_bar=content.462be76323&XDEBUG_SESSION_STOP=1 
[2017-06-06 18-13-24] set:id  @  http://local-minph.com/login 
[2017-06-06 18-13-24] destroy  @  http://local-minph.com/login 
[2017-06-06 18-13-24] destroy  @  http://local-minph.com/ 
[2017-06-06 18-13-24] destroy  @  http://local-minph.com/?_tracy_bar=content.59b9c428d9&XDEBUG_SESSION_STOP=1 
[2017-06-06 18-13-25] destroy  @  http://local-minph.com/login 
[2017-06-06 18-13-25] destroy  @  http://local-minph.com/login?_tracy_bar=content.01d009db84&XDEBUG_SESSION_STOP=1 
[2017-06-06 18-14-10] destroy  @  http://local-minph.com/login 
[2017-06-06 18-14-10] destroy  @  http://local-minph.com/login?_tracy_bar=content.c215e29471&XDEBUG_SESSION_STOP=1 
[2017-06-06 18-14-12] destroy  @  http://local-minph.com/login 
[2017-06-06 18-14-12] destroy  @  http://local-minph.com/ 
[2017-06-06 18-14-12] destroy  @  http://local-minph.com/?_tracy_bar=content.24ae2cd4ed&XDEBUG_SESSION_STOP=1 
